[01m[K/home/arob/catkin_ws/src/p00_arob_lab3_drones/src/drone_race.cpp:[m[K In constructor â€˜[01m[KDroneRace::DroneRace(ros::NodeHandle)[m[Kâ€™:
[01m[K/home/arob/catkin_ws/src/p00_arob_lab3_drones/src/drone_race.cpp:16:39:[m[K [01;31m[Kerror: [m[Kno matching function for call to â€˜[01m[KDroneRace::readGates_(std::string&)[m[Kâ€™
   16 |     if (!readGates_(targets_file_path_[01;31m[K)[m[K)
      |                                       [01;31m[K^[m[K
In file included from [01m[K/home/arob/catkin_ws/src/p00_arob_lab3_drones/src/drone_race.cpp:1[m[K:
[01m[K/home/arob/catkin_ws/src/p00_arob_lab3_drones/include/lab3_drones/drone_race.hpp:68:10:[m[K [01;36m[Knote: [m[Kcandidate: â€˜[01m[Kbool DroneRace::readGates_(std::string, std::string)[m[Kâ€™
   68 |     bool [01;36m[KreadGates_[m[K(std::string file_name, std::string file_name_noise);
      |          [01;36m[K^~~~~~~~~~[m[K
[01m[K/home/arob/catkin_ws/src/p00_arob_lab3_drones/include/lab3_drones/drone_race.hpp:68:10:[m[K [01;36m[Knote: [m[K  candidate expects 2 arguments, 1 provided
[01m[K/home/arob/catkin_ws/src/p00_arob_lab3_drones/src/drone_race.cpp:[m[K At global scope:
[01m[K/home/arob/catkin_ws/src/p00_arob_lab3_drones/src/drone_race.cpp:49:6:[m[K [01;31m[Kerror: [m[Kno declaration matches â€˜[01m[Kbool DroneRace::readGates_(std::string)[m[Kâ€™
   49 | bool [01;31m[KDroneRace[m[K::readGates_(string file_name) {
      |      [01;31m[K^~~~~~~~~[m[K
In file included from [01m[K/home/arob/catkin_ws/src/p00_arob_lab3_drones/src/drone_race.cpp:1[m[K:
[01m[K/home/arob/catkin_ws/src/p00_arob_lab3_drones/include/lab3_drones/drone_race.hpp:68:10:[m[K [01;36m[Knote: [m[Kcandidate is: â€˜[01m[Kbool DroneRace::readGates_(std::string, std::string)[m[Kâ€™
   68 |     bool [01;36m[KreadGates_[m[K(std::string file_name, std::string file_name_noise);
      |          [01;36m[K^~~~~~~~~~[m[K
[01m[K/home/arob/catkin_ws/src/p00_arob_lab3_drones/include/lab3_drones/drone_race.hpp:24:7:[m[K [01;36m[Knote: [m[Kâ€˜[01m[Kclass DroneRace[m[Kâ€™ defined here
   24 | class [01;36m[KDroneRace[m[K {
      |       [01;36m[K^~~~~~~~~[m[K
make[2]: *** [CMakeFiles/drone_race.dir/build.make:63: CMakeFiles/drone_race.dir/src/drone_race.cpp.o] Error 1
make[1]: *** [CMakeFiles/Makefile2:200: CMakeFiles/drone_race.dir/all] Error 2
make: *** [Makefile:141: all] Error 2
