[35m[1mScanning dependencies of target drone_race[0m
[ 33%] [32mBuilding CXX object CMakeFiles/drone_race.dir/src/drone_race.cpp.o[0m
[ 66%] [32mBuilding CXX object CMakeFiles/drone_race.dir/src/drone_race_node.cpp.o[0m
[01m[K/home/arob/catkin_ws/src/p00_arob_lab3_drones/src/drone_race.cpp:[m[K In member function â€˜[01m[Kbool DroneRace::readGates_(std::string, std::string)[m[Kâ€™:
[01m[K/home/arob/catkin_ws/src/p00_arob_lab3_drones/src/drone_race.cpp:80:13:[m[K [01;31m[Kerror: [m[Kâ€˜[01m[Knoisy_iss[m[Kâ€™ was not declared in this scope; did you mean â€˜[01m[Knoisy_line[m[Kâ€™?
   80 |             [01;31m[Knoisy_iss[m[K >> noisy_pose.position.x;
      |             [01;31m[K^~~~~~~~~[m[K
      |             [32m[Knoisy_line[m[K
[01m[K/home/arob/catkin_ws/src/p00_arob_lab3_drones/src/drone_race.cpp:85:13:[m[K [01;31m[Kerror: [m[Kâ€˜[01m[Knoisy_gates[m[Kâ€™ was not declared in this scope
   85 |             [01;31m[Knoisy_gates[m[K.push_back(noisy_pose);
      |             [01;31m[K^~~~~~~~~~~[m[K
[01m[K/home/arob/catkin_ws/src/p00_arob_lab3_drones/src/drone_race.cpp:[m[K In member function â€˜[01m[Kvoid DroneRace::drawGates_()[m[Kâ€™:
[01m[K/home/arob/catkin_ws/src/p00_arob_lab3_drones/src/drone_race.cpp:298:37:[m[K [01;31m[Kerror: [m[Kâ€˜[01m[Knoisy_gates[m[Kâ€™ was not declared in this scope
  298 |     for (geometry_msgs::Pose gate : [01;31m[Knoisy_gates[m[K) {
      |                                     [01;31m[K^~~~~~~~~~~[m[K
make[2]: *** [CMakeFiles/drone_race.dir/build.make:63: CMakeFiles/drone_race.dir/src/drone_race.cpp.o] Error 1
make[1]: *** [CMakeFiles/Makefile2:200: CMakeFiles/drone_race.dir/all] Error 2
make: *** [Makefile:141: all] Error 2
