[01m[K/home/arob/catkin_ws/src/p00_arob_lab3_drones/src/drone_race.cpp:[m[K In member function â€˜[01m[Kvoid DroneRace::generateTrajectory_()[m[Kâ€™:
[01m[K/home/arob/catkin_ws/src/p00_arob_lab3_drones/src/drone_race.cpp:103:14:[m[K [01;31m[Kerror: [m[Kâ€˜[01m[Kgeometry_msgs::Pose[m[Kâ€™ {aka â€˜[01m[Kstruct geometry_msgs::Pose_<std::allocator<void> >[m[Kâ€™} has no member named â€˜[01m[KaddConstraint[m[Kâ€™
  103 |         gate.[01;31m[KaddConstraint[m[K(mav_trajectory_generation::derivative_order::VELOCITY, Eigen::Vector3d(2,0,0));
      |              [01;31m[K^~~~~~~~~~~~~[m[K
make[2]: *** [CMakeFiles/drone_race.dir/build.make:63: CMakeFiles/drone_race.dir/src/drone_race.cpp.o] Error 1
make[1]: *** [CMakeFiles/Makefile2:200: CMakeFiles/drone_race.dir/all] Error 2
make: *** [Makefile:141: all] Error 2
