[35m[1mScanning dependencies of target drone_race[0m
[ 33%] [32mBuilding CXX object CMakeFiles/drone_race.dir/src/drone_race.cpp.o[0m
[01m[K/home/arob/catkin_ws/src/p00_arob_lab3_drones/src/drone_race.cpp:[m[K In member function â€˜[01m[Kvoid DroneRace::commandTimerCallback_(const ros::TimerEvent&)[m[Kâ€™:
[01m[K/home/arob/catkin_ws/src/p00_arob_lab3_drones/src/drone_race.cpp:87:17:[m[K [01;31m[Kerror: [m[Kâ€˜[01m[Kcommands[m[Kâ€™ was not declared in this scope
   87 |         goal_ = [01;31m[Kcommands[m[K.back().position_W;
      |                 [01;31m[K^~~~~~~~[m[K
[01m[K/home/arob/catkin_ws/src/p00_arob_lab3_drones/src/drone_race.cpp:91:21:[m[K [01;31m[Kerror: [m[Kâ€˜[01m[Kcommands[m[Kâ€™ was not declared in this scope
   91 |         goal_vel_ = [01;31m[Kcommands[m[K.back().velocity_W;
      |                     [01;31m[K^~~~~~~~[m[K
[01m[K/home/arob/catkin_ws/src/p00_arob_lab3_drones/src/drone_race.cpp:[m[K In member function â€˜[01m[Kvoid DroneRace::generateTrajectory_()[m[Kâ€™:
[01m[K/home/arob/catkin_ws/src/p00_arob_lab3_drones/src/drone_race.cpp:165:11:[m[K [01;31m[Kerror: [m[Kâ€˜[01m[Kclass DroneRace[m[Kâ€™ has no member named â€˜[01m[Kcommands[m[Kâ€™
  165 |     this->[01;31m[Kcommands[m[K.clear();
      |           [01;31m[K^~~~~~~~[m[K
[01m[K/home/arob/catkin_ws/src/p00_arob_lab3_drones/src/drone_race.cpp:175:17:[m[K [01;31m[Kerror: [m[Kâ€˜[01m[Kstruct mav_msgs::EigenTrajectoryPoint[m[Kâ€™ has no member named â€˜[01m[KsetDuration[m[Kâ€™
  175 |         command.[01;31m[KsetDuration[m[K(current_time);
      |                 [01;31m[K^~~~~~~~~~~[m[K
[01m[K/home/arob/catkin_ws/src/p00_arob_lab3_drones/src/drone_race.cpp:178:15:[m[K [01;31m[Kerror: [m[Kâ€˜[01m[Kclass DroneRace[m[Kâ€™ has no member named â€˜[01m[Kcommands[m[Kâ€™
  178 |         this->[01;31m[Kcommands[m[K.push_back(command);
      |               [01;31m[K^~~~~~~~[m[K
make[2]: *** [CMakeFiles/drone_race.dir/build.make:63: CMakeFiles/drone_race.dir/src/drone_race.cpp.o] Error 1
make[1]: *** [CMakeFiles/Makefile2:200: CMakeFiles/drone_race.dir/all] Error 2
make: *** [Makefile:141: all] Error 2
