[01m[K/home/arob/catkin_ws/src/p00_arob_lab3_drones/src/drone_race.cpp:[m[K In constructor â€˜[01m[KDroneRace::DroneRace(ros::NodeHandle)[m[Kâ€™:
[01m[K/home/arob/catkin_ws/src/p00_arob_lab3_drones/src/drone_race.cpp:16:14:[m[K [01;31m[Kerror: [m[Kâ€˜[01m[KreadGates[m[Kâ€™ was not declared in this scope; did you mean â€˜[01m[KreadGates_[m[Kâ€™?
   16 |     gates_ = [01;31m[KreadGates[m[K(targets_file_path_gt);
      |              [01;31m[K^~~~~~~~~[m[K
      |              [32m[KreadGates_[m[K
[01m[K/home/arob/catkin_ws/src/p00_arob_lab3_drones/src/drone_race.cpp:[m[K In member function â€˜[01m[Kstd::vector<geometry_msgs::Pose_<std::allocator<void> > > DroneRace::readGates_(std::string)[m[Kâ€™:
[01m[K/home/arob/catkin_ws/src/p00_arob_lab3_drones/src/drone_race.cpp:66:20:[m[K [01;31m[Kerror: [m[Kcould not convert â€˜[01m[Kfalse[m[Kâ€™ from â€˜[01m[Kbool[m[Kâ€™ to â€˜[01m[Kstd::vector<geometry_msgs::Pose_<std::allocator<void> > >[m[Kâ€™
   66 |             return [01;31m[Kfalse[m[K;
      |                    [01;31m[K^~~~~[m[K
      |                    [01;31m[K|[m[K
      |                    [01;31m[Kbool[m[K
make[2]: *** [CMakeFiles/drone_race.dir/build.make:63: CMakeFiles/drone_race.dir/src/drone_race.cpp.o] Error 1
make[1]: *** [CMakeFiles/Makefile2:200: CMakeFiles/drone_race.dir/all] Error 2
make: *** [Makefile:141: all] Error 2
