[35m[1mScanning dependencies of target drone_race[0m
[ 33%] [32mBuilding CXX object CMakeFiles/drone_race.dir/src/drone_race.cpp.o[0m
[01m[K/home/arob/catkin_ws/src/p00_arob_lab3_drones/src/drone_race.cpp:[m[K In member function â€˜[01m[Kvoid DroneRace::commandTimerCallback_(const ros::TimerEvent&)[m[Kâ€™:
[01m[K/home/arob/catkin_ws/src/p00_arob_lab3_drones/src/drone_race.cpp:88:46:[m[K [01;31m[Kerror: [m[Kâ€˜[01m[Kcurrent_goal_idx[m[Kâ€™ was not declared in this scope; did you mean â€˜[01m[Kcurrent_goal_idx_[m[Kâ€™?
   88 |             goal_.pose.position.z = commands[[01;31m[Kcurrent_goal_idx[m[K].position_W.z();
      |                                              [01;31m[K^~~~~~~~~~~~~~~~[m[K
      |                                              [32m[Kcurrent_goal_idx_[m[K
make[2]: *** [CMakeFiles/drone_race.dir/build.make:63: CMakeFiles/drone_race.dir/src/drone_race.cpp.o] Error 1
make[1]: *** [CMakeFiles/Makefile2:200: CMakeFiles/drone_race.dir/all] Error 2
make: *** [Makefile:141: all] Error 2
