[01m[K/home/arob/catkin_ws/src/p00_arob_lab3_drones/src/drone_race.cpp:[m[K In member function â€˜[01m[Kvoid DroneRace::generateTrajectory_()[m[Kâ€™:
[01m[K/home/arob/catkin_ws/src/p00_arob_lab3_drones/src/drone_race.cpp:96:47:[m[K [01;31m[Kerror: [m[Kredeclaration of â€˜[01m[Kmav_trajectory_generation::Vertex::Vector vertices[m[Kâ€™
   96 |     mav_trajectory_generation::Vertex::Vector [01;31m[Kvertices[m[K;
      |                                               [01;31m[K^~~~~~~~[m[K
[01m[K/home/arob/catkin_ws/src/p00_arob_lab3_drones/src/drone_race.cpp:92:47:[m[K [01;36m[Knote: [m[Kâ€˜[01m[Kmav_trajectory_generation::Vertex::Vector vertices[m[Kâ€™ previously declared here
   92 |     mav_trajectory_generation::Vertex::Vector [01;36m[Kvertices[m[K;
      |                                               [01;36m[K^~~~~~~~[m[K
make[2]: *** [CMakeFiles/drone_race.dir/build.make:63: CMakeFiles/drone_race.dir/src/drone_race.cpp.o] Error 1
make[1]: *** [CMakeFiles/Makefile2:200: CMakeFiles/drone_race.dir/all] Error 2
make: *** [Makefile:141: all] Error 2
