[01m[K/home/arob/catkin_ws/src/p03_arob_lab4-main/src/llc_local_planner.cpp:[m[K In member function â€˜[01m[Kvirtual bool p03_llc_local_planner::LLCLocalPlanner::computeVelocityCommands(geometry_msgs::Twist&)[m[Kâ€™:
[01m[K/home/arob/catkin_ws/src/p03_arob_lab4-main/src/llc_local_planner.cpp:135:35:[m[K [01;31m[Kerror: [m[Kno matching function for call to â€˜[01m[Katan(double, double)[m[Kâ€™
  135 |   beta = atan(sin(beta), cos(beta)[01;31m[K)[m[K;
      |                                   [01;31m[K^[m[K
In file included from [01m[K/usr/include/features.h:461[m[K,
                 from [01m[K/usr/include/x86_64-linux-gnu/c++/9/bits/os_defines.h:39[m[K,
                 from [01m[K/usr/include/x86_64-linux-gnu/c++/9/bits/c++config.h:528[m[K,
                 from [01m[K/usr/include/c++/9/cstddef:49[m[K,
                 from [01m[K/usr/include/boost/config/compiler/gcc.hpp:165[m[K,
                 from [01m[K/usr/include/boost/config.hpp:40[m[K,
                 from [01m[K/usr/include/boost/bind/bind.hpp:24[m[K,
                 from [01m[K/usr/include/boost/bind.hpp:22[m[K,
                 from [01m[K/opt/ros/noetic/include/class_loader/class_loader.hpp:35[m[K,
                 from [01m[K/opt/ros/noetic/include/pluginlib/./class_list_macros.hpp:40[m[K,
                 from [01m[K/opt/ros/noetic/include/pluginlib/class_list_macros.h:35[m[K,
                 from [01m[K/home/arob/catkin_ws/src/p03_arob_lab4-main/src/llc_local_planner.cpp:1[m[K:
[01m[K/usr/include/x86_64-linux-gnu/bits/mathcalls.h:57:1:[m[K [01;36m[Knote: [m[Kcandidate: â€˜[01m[Kdouble atan(double)[m[Kâ€™
   57 | [01;36m[K__MATHCALL[m[K (atan,, (_Mdouble_ __x));
      | [01;36m[K^~~~~~~~~~[m[K
[01m[K/usr/include/x86_64-linux-gnu/bits/mathcalls.h:57:1:[m[K [01;36m[Knote: [m[K  candidate expects 1 argument, 2 provided
In file included from [01m[K/usr/include/boost/config/no_tr1/cmath.hpp:21[m[K,
                 from [01m[K/usr/include/boost/date_time/posix_time/posix_time_config.hpp:15[m[K,
                 from [01m[K/usr/include/boost/date_time/posix_time/posix_time_system.hpp:13[m[K,
                 from [01m[K/usr/include/boost/date_time/posix_time/ptime.hpp:12[m[K,
                 from [01m[K/usr/include/boost/date_time/posix_time/posix_time_types.hpp:12[m[K,
                 from [01m[K/usr/include/boost/thread/thread_time.hpp:11[m[K,
                 from [01m[K/usr/include/boost/thread/lock_types.hpp:18[m[K,
                 from [01m[K/usr/include/boost/thread/pthread/recursive_mutex.hpp:13[m[K,
                 from [01m[K/usr/include/boost/thread/recursive_mutex.hpp:16[m[K,
                 from [01m[K/opt/ros/noetic/include/class_loader/class_loader.hpp:37[m[K,
                 from [01m[K/opt/ros/noetic/include/pluginlib/./class_list_macros.hpp:40[m[K,
                 from [01m[K/opt/ros/noetic/include/pluginlib/class_list_macros.h:35[m[K,
                 from [01m[K/home/arob/catkin_ws/src/p03_arob_lab4-main/src/llc_local_planner.cpp:1[m[K:
[01m[K/usr/include/c++/9/cmath:137:5:[m[K [01;36m[Knote: [m[Kcandidate: â€˜[01m[Ktemplate<class _Tp> constexpr typename __gnu_cxx::__enable_if<std::__is_integer<_Tp>::__value, double>::__type std::atan(_Tp)[m[Kâ€™
  137 |     [01;36m[Katan[m[K(_Tp __x)
      |     [01;36m[K^~~~[m[K
[01m[K/usr/include/c++/9/cmath:137:5:[m[K [01;36m[Knote: [m[K  template argument deduction/substitution failed:
[01m[K/home/arob/catkin_ws/src/p03_arob_lab4-main/src/llc_local_planner.cpp:135:35:[m[K [01;36m[Knote: [m[K  candidate expects 1 argument, 2 provided
  135 |   beta = atan(sin(beta), cos(beta)[01;36m[K)[m[K;
      |                                   [01;36m[K^[m[K
In file included from [01m[K/usr/include/boost/config/no_tr1/cmath.hpp:21[m[K,
                 from [01m[K/usr/include/boost/date_time/posix_time/posix_time_config.hpp:15[m[K,
                 from [01m[K/usr/include/boost/date_time/posix_time/posix_time_system.hpp:13[m[K,
                 from [01m[K/usr/include/boost/date_time/posix_time/ptime.hpp:12[m[K,
                 from [01m[K/usr/include/boost/date_time/posix_time/posix_time_types.hpp:12[m[K,
                 from [01m[K/usr/include/boost/thread/thread_time.hpp:11[m[K,
                 from [01m[K/usr/include/boost/thread/lock_types.hpp:18[m[K,
                 from [01m[K/usr/include/boost/thread/pthread/recursive_mutex.hpp:13[m[K,
                 from [01m[K/usr/include/boost/thread/recursive_mutex.hpp:16[m[K,
                 from [01m[K/opt/ros/noetic/include/class_loader/class_loader.hpp:37[m[K,
                 from [01m[K/opt/ros/noetic/include/pluginlib/./class_list_macros.hpp:40[m[K,
                 from [01m[K/opt/ros/noetic/include/pluginlib/class_list_macros.h:35[m[K,
                 from [01m[K/home/arob/catkin_ws/src/p03_arob_lab4-main/src/llc_local_planner.cpp:1[m[K:
[01m[K/usr/include/c++/9/cmath:129:3:[m[K [01;36m[Knote: [m[Kcandidate: â€˜[01m[Kconstexpr long double std::atan(long double)[m[Kâ€™
  129 |   [01;36m[Katan[m[K(long double __x)
      |   [01;36m[K^~~~[m[K
[01m[K/usr/include/c++/9/cmath:129:3:[m[K [01;36m[Knote: [m[K  candidate expects 1 argument, 2 provided
[01m[K/usr/include/c++/9/cmath:125:3:[m[K [01;36m[Knote: [m[Kcandidate: â€˜[01m[Kconstexpr float std::atan(float)[m[Kâ€™
  125 |   [01;36m[Katan[m[K(float __x)
      |   [01;36m[K^~~~[m[K
[01m[K/usr/include/c++/9/cmath:125:3:[m[K [01;36m[Knote: [m[K  candidate expects 1 argument, 2 provided
In file included from [01m[K/usr/include/boost/config/no_tr1/complex.hpp:21[m[K,
                 from [01m[K/usr/include/boost/math/policies/error_handling.hpp:17[m[K,
                 from [01m[K/usr/include/boost/math/special_functions/round.hpp:14[m[K,
                 from [01m[K/opt/ros/noetic/include/ros/time.h:58[m[K,
                 from [01m[K/opt/ros/noetic/include/ros/ros.h:38[m[K,
                 from [01m[K/home/arob/catkin_ws/src/p03_arob_lab4-main/include/AROB_lab4/llc_local_planner.h:4[m[K,
                 from [01m[K/home/arob/catkin_ws/src/p03_arob_lab4-main/src/llc_local_planner.cpp:3[m[K:
[01m[K/usr/include/c++/9/complex:1704:5:[m[K [01;36m[Knote: [m[Kcandidate: â€˜[01m[Ktemplate<class _Tp> std::complex<_Tp> std::atan(const std::complex<_Tp>&)[m[Kâ€™
 1704 |     [01;36m[Katan[m[K(const std::complex<_Tp>& __z)
      |     [01;36m[K^~~~[m[K
[01m[K/usr/include/c++/9/complex:1704:5:[m[K [01;36m[Knote: [m[K  template argument deduction/substitution failed:
[01m[K/home/arob/catkin_ws/src/p03_arob_lab4-main/src/llc_local_planner.cpp:135:35:[m[K [01;36m[Knote: [m[K  mismatched types â€˜[01m[Kconst std::complex<_Tp>[m[Kâ€™ and â€˜[01m[Kdouble[m[Kâ€™
  135 |   beta = atan(sin(beta), cos(beta)[01;36m[K)[m[K;
      |                                   [01;36m[K^[m[K
[01m[K/home/arob/catkin_ws/src/p03_arob_lab4-main/src/llc_local_planner.cpp:[m[K In member function â€˜[01m[Kvirtual bool p03_llc_local_planner::LLCLocalPlanner::isGoalReached()[m[Kâ€™:
[01m[K/home/arob/catkin_ws/src/p03_arob_lab4-main/src/llc_local_planner.cpp:173:4:[m[K [01;31m[Kerror: [m[Kâ€˜[01m[Kcmd_vel[m[Kâ€™ was not declared in this scope
  173 |    [01;31m[Kcmd_vel[m[K.linear.x = 0;
      |    [01;31m[K^~~~~~~[m[K
make[2]: *** [CMakeFiles/p03_llc_local_planner_lib.dir/build.make:63: CMakeFiles/p03_llc_local_planner_lib.dir/src/llc_local_planner.cpp.o] Error 1
make[1]: *** [CMakeFiles/Makefile2:298: CMakeFiles/p03_llc_local_planner_lib.dir/all] Error 2
make: *** [Makefile:141: all] Error 2
