[01m[K/home/arob/catkin_ws/src/p03_arob_lab4-main/src/llc_local_planner.cpp:[m[K In member function â€˜[01m[Kvirtual void p03_llc_local_planner::LLCLocalPlanner::initialize(std::string, tf2_ros::Buffer*, costmap_2d::Costmap2DROS*)[m[Kâ€™:
[01m[K/home/arob/catkin_ws/src/p03_arob_lab4-main/src/llc_local_planner.cpp:43:22:[m[K [01;31m[Kerror: [m[Kâ€˜[01m[Kor_th_[m[Kâ€™ was not declared in this scope
   43 |    nh.param("or_th", [01;31m[Kor_th_[m[K, 0.0);
      |                      [01;31m[K^~~~~~[m[K
[01m[K/home/arob/catkin_ws/src/p03_arob_lab4-main/src/llc_local_planner.cpp:[m[K In member function â€˜[01m[Kvirtual bool p03_llc_local_planner::LLCLocalPlanner::isGoalReached()[m[Kâ€™:
[01m[K/home/arob/catkin_ws/src/p03_arob_lab4-main/src/llc_local_planner.cpp:177:42:[m[K [01;31m[Kerror: [m[Kâ€˜[01m[Kor_th_[m[Kâ€™ was not declared in this scope
  177 |   if (rho < rho_th_ && orientation_dif < [01;31m[Kor_th_[m[K) {
      |                                          [01;31m[K^~~~~~[m[K
make[2]: *** [CMakeFiles/p03_llc_local_planner_lib.dir/build.make:63: CMakeFiles/p03_llc_local_planner_lib.dir/src/llc_local_planner.cpp.o] Error 1
make[1]: *** [CMakeFiles/Makefile2:298: CMakeFiles/p03_llc_local_planner_lib.dir/all] Error 2
make: *** [Makefile:141: all] Error 2
