[01m[K/home/arob/catkin_ws/src/arob_lab5-main/src/rrt_global_planner.cpp:[m[K In member function â€˜[01m[Kvirtual void rrt_planner::RRTPlanner::initialize(std::string, costmap_2d::Costmap2DROS*)[m[Kâ€™:
[01m[K/home/arob/catkin_ws/src/arob_lab5-main/src/rrt_global_planner.cpp:31:27:[m[K [01;31m[Kerror: [m[Kâ€˜[01m[Knode_handle[m[Kâ€™ was not declared in this scope
   31 |  ros::Publisher vis_pub = [01;31m[Knode_handle[m[K.advertise<visualization_msgs::Marker>("visualization_marker", 0);
      |                           [01;31m[K^~~~~~~~~~~[m[K
[01m[K/home/arob/catkin_ws/src/arob_lab5-main/src/rrt_global_planner.cpp:31:75:[m[K [01;31m[Kerror: [m[Kexpected primary-expression before â€˜[01m[K>[m[Kâ€™ token
   31 |  ros::Publisher vis_pub = node_handle.advertise<visualization_msgs::Marker[01;31m[K>[m[K("visualization_marker", 0);
      |                                                                           [01;31m[K^[m[K
[01m[K/home/arob/catkin_ws/src/arob_lab5-main/src/rrt_global_planner.cpp:[m[K At global scope:
[01m[K/home/arob/catkin_ws/src/arob_lab5-main/src/rrt_global_planner.cpp:245:6:[m[K [01;31m[Kerror: [m[Kno declaration matches â€˜[01m[Kvoid rrt_planner::RRTPlanner::publishNodeMarker(const std::vector<int>&, int)[m[Kâ€™
  245 | void [01;31m[KRRTPlanner[m[K::publishNodeMarker(const std::vector<int>& point, int id) {
      |      [01;31m[K^~~~~~~~~~[m[K
[01m[K/home/arob/catkin_ws/src/arob_lab5-main/src/rrt_global_planner.cpp:245:6:[m[K [01;36m[Knote: [m[Kno functions named â€˜[01m[Kvoid rrt_planner::RRTPlanner::publishNodeMarker(const std::vector<int>&, int)[m[Kâ€™
In file included from [01m[K/home/arob/catkin_ws/src/arob_lab5-main/src/rrt_global_planner.cpp:2[m[K:
[01m[K/home/arob/catkin_ws/src/arob_lab5-main/include/AROB_lab5/rrt_global_planner.h:20:7:[m[K [01;36m[Knote: [m[Kâ€˜[01m[Kclass rrt_planner::RRTPlanner[m[Kâ€™ defined here
   20 | class [01;36m[KRRTPlanner[m[K : public nav_core::BaseGlobalPlanner {
      |       [01;36m[K^~~~~~~~~~[m[K
[01m[K/home/arob/catkin_ws/src/arob_lab5-main/src/rrt_global_planner.cpp:278:6:[m[K [01;31m[Kerror: [m[Kno declaration matches â€˜[01m[Kvoid rrt_planner::RRTPlanner::publishEdgeMarker(const std::vector<int>&, const std::vector<int>&, int)[m[Kâ€™
  278 | void [01;31m[KRRTPlanner[m[K::publishEdgeMarker(const std::vector<int>& start, const std::vector<int>& end, int id) {
      |      [01;31m[K^~~~~~~~~~[m[K
[01m[K/home/arob/catkin_ws/src/arob_lab5-main/src/rrt_global_planner.cpp:278:6:[m[K [01;36m[Knote: [m[Kno functions named â€˜[01m[Kvoid rrt_planner::RRTPlanner::publishEdgeMarker(const std::vector<int>&, const std::vector<int>&, int)[m[Kâ€™
In file included from [01m[K/home/arob/catkin_ws/src/arob_lab5-main/src/rrt_global_planner.cpp:2[m[K:
[01m[K/home/arob/catkin_ws/src/arob_lab5-main/include/AROB_lab5/rrt_global_planner.h:20:7:[m[K [01;36m[Knote: [m[Kâ€˜[01m[Kclass rrt_planner::RRTPlanner[m[Kâ€™ defined here
   20 | class [01;36m[KRRTPlanner[m[K : public nav_core::BaseGlobalPlanner {
      |       [01;36m[K^~~~~~~~~~[m[K
make[2]: *** [CMakeFiles/rrt_global_planner_lib.dir/build.make:63: CMakeFiles/rrt_global_planner_lib.dir/src/rrt_global_planner.cpp.o] Error 1
make[1]: *** [CMakeFiles/Makefile2:246: CMakeFiles/rrt_global_planner_lib.dir/all] Error 2
make: *** [Makefile:141: all] Error 2
