[01m[K/home/arob/catkin_ws/src/arob_lab5-main/src/rrt_global_planner.cpp:[m[K In member function â€˜[01m[Kbool rrt_planner::RRTPlanner::computeRRT(std::vector<int>, std::vector<int>, std::vector<std::vector<int> >&)[m[Kâ€™:
[01m[K/home/arob/catkin_ws/src/arob_lab5-main/src/rrt_global_planner.cpp:176:35:[m[K [01;31m[Kerror: [m[Kâ€˜[01m[Kgoal_node[m[Kâ€™ was not declared in this scope; did you mean â€˜[01m[Kfinal_node[m[Kâ€™?
  176 |             new_node->appendChild([01;31m[Kgoal_node[m[K);
      |                                   [01;31m[K^~~~~~~~~[m[K
      |                                   [32m[Kfinal_node[m[K
make[2]: *** [CMakeFiles/rrt_global_planner_lib.dir/build.make:63: CMakeFiles/rrt_global_planner_lib.dir/src/rrt_global_planner.cpp.o] Error 1
make[1]: *** [CMakeFiles/Makefile2:246: CMakeFiles/rrt_global_planner_lib.dir/all] Error 2
make: *** [Makefile:141: all] Error 2
