[01m[K/home/arob/catkin_ws/src/arob_lab5-main/src/rrt_global_planner.cpp:[m[K In member function â€˜[01m[Kbool rrt_planner::RRTPlanner::computeRRT(std::vector<int>, std::vector<int>, std::vector<std::vector<int> >&)[m[Kâ€™:
[01m[K/home/arob/catkin_ws/src/arob_lab5-main/src/rrt_global_planner.cpp:143:22:[m[K [01;31m[Kerror: [m[Kâ€˜[01m[Kx_near[m[Kâ€™ was not declared in this scope
  143 |             x_rand = [01;31m[Kx_near[m[K + scale * (x_rand - x_near);
      |                      [01;31m[K^~~~~~[m[K
[01m[K/home/arob/catkin_ws/src/arob_lab5-main/src/rrt_global_planner.cpp:144:22:[m[K [01;31m[Kerror: [m[Kâ€˜[01m[Ky_near[m[Kâ€™ was not declared in this scope; did you mean â€˜[01m[Ksys_nerr[m[Kâ€™?
  144 |             y_rand = [01;31m[Ky_near[m[K + scale * (y_rand - y_near);
      |                      [01;31m[K^~~~~~[m[K
      |                      [32m[Ksys_nerr[m[K
make[2]: *** [CMakeFiles/rrt_global_planner_lib.dir/build.make:63: CMakeFiles/rrt_global_planner_lib.dir/src/rrt_global_planner.cpp.o] Error 1
make[1]: *** [CMakeFiles/Makefile2:246: CMakeFiles/rrt_global_planner_lib.dir/all] Error 2
make: *** [Makefile:141: all] Error 2
