[01m[K/home/arob/catkin_ws/src/arob_lab5-main/src/rrt_global_planner.cpp:[m[K In member function â€˜[01m[Kvirtual void rrt_planner::RRTPlanner::initialize(std::string, costmap_2d::Costmap2DROS*)[m[Kâ€™:
[01m[K/home/arob/catkin_ws/src/arob_lab5-main/src/rrt_global_planner.cpp:49:9:[m[K [01;31m[Kerror: [m[Kâ€˜[01m[Knode_marker_[m[Kâ€™ was not declared in this scope
   49 |         [01;31m[Knode_marker_[m[K = nh.advertise<visualization_msgs::Marker>("/rrt_marker", 10);
      |         [01;31m[K^~~~~~~~~~~~[m[K
[01m[K/home/arob/catkin_ws/src/arob_lab5-main/src/rrt_global_planner.cpp:[m[K In member function â€˜[01m[Kvoid rrt_planner::RRTPlanner::drawMarker_(visualization_msgs::Marker&, TreeNode*)[m[Kâ€™:
[01m[K/home/arob/catkin_ws/src/arob_lab5-main/src/rrt_global_planner.cpp:248:5:[m[K [01;31m[Kerror: [m[Kâ€˜[01m[Knode_marker_[m[Kâ€™ was not declared in this scope; did you mean â€˜[01m[Kline_marker[m[Kâ€™?
  248 |     [01;31m[Knode_marker_[m[K.publish(line_marker);
      |     [01;31m[K^~~~~~~~~~~~[m[K
      |     [32m[Kline_marker[m[K
make[2]: *** [CMakeFiles/rrt_global_planner_lib.dir/build.make:63: CMakeFiles/rrt_global_planner_lib.dir/src/rrt_global_planner.cpp.o] Error 1
make[1]: *** [CMakeFiles/Makefile2:246: CMakeFiles/rrt_global_planner_lib.dir/all] Error 2
make: *** [Makefile:141: all] Error 2
