[01m[K/home/arob/catkin_ws/src/arob_lab5-main/src/rrt_global_planner.cpp:[m[K In member function â€˜[01m[Kvirtual void rrt_planner::RRTPlanner::initialize(std::string, costmap_2d::Costmap2DROS*)[m[Kâ€™:
[01m[K/home/arob/catkin_ws/src/arob_lab5-main/src/rrt_global_planner.cpp:35:30:[m[K [01;31m[Kerror: [m[Kâ€˜[01m[Ktreshold_[m[Kâ€™ was not declared in this scope
   35 |         nh.param("treshold", [01;31m[Ktreshold_[m[K, 0.5)
      |                              [01;31m[K^~~~~~~~~[m[K
[01m[K/home/arob/catkin_ws/src/arob_lab5-main/src/rrt_global_planner.cpp:39:33:[m[K [01;31m[Kerror: [m[Kâ€˜[01m[Kwidth[m[Kâ€™ was not declared in this scope; did you mean â€˜[01m[Kwcwidth[m[Kâ€™?
   39 |         nh_local.param("width", [01;31m[Kwidth[m[K, 3.0);
      |                                 [01;31m[K^~~~~[m[K
      |                                 [32m[Kwcwidth[m[K
[01m[K/home/arob/catkin_ws/src/arob_lab5-main/src/rrt_global_planner.cpp:40:34:[m[K [01;31m[Kerror: [m[Kâ€˜[01m[Kheight[m[Kâ€™ was not declared in this scope
   40 |         nh_local.param("height", [01;31m[Kheight[m[K, 3.0);
      |                                  [01;31m[K^~~~~~[m[K
[01m[K/home/arob/catkin_ws/src/arob_lab5-main/src/rrt_global_planner.cpp:[m[K In member function â€˜[01m[Kbool rrt_planner::RRTPlanner::computeRRT(std::vector<int>, std::vector<int>, std::vector<std::vector<int> >&)[m[Kâ€™:
[01m[K/home/arob/catkin_ws/src/arob_lab5-main/src/rrt_global_planner.cpp:174:37:[m[K [01;31m[Kerror: [m[Kâ€˜[01m[Ktreshold_[m[Kâ€™ was not declared in this scope
  174 |         if ((disgoal*resolution_ <= [01;31m[Ktreshold_[m[K) && (obstacleFree(x_rand, y_rand, goal[0], goal[1]))) {
      |                                     [01;31m[K^~~~~~~~~[m[K
make[2]: *** [CMakeFiles/rrt_global_planner_lib.dir/build.make:63: CMakeFiles/rrt_global_planner_lib.dir/src/rrt_global_planner.cpp.o] Error 1
make[1]: *** [CMakeFiles/Makefile2:246: CMakeFiles/rrt_global_planner_lib.dir/all] Error 2
make: *** [Makefile:141: all] Error 2
