[01m[K/home/arob/catkin_ws/src/arob_lab5-main/src/rrt_global_planner.cpp:[m[K In member function â€˜[01m[Kbool rrt_planner::RRTPlanner::computeRRT(std::vector<int>, std::vector<int>, std::vector<std::vector<int> >&)[m[Kâ€™:
[01m[K/home/arob/catkin_ws/src/arob_lab5-main/src/rrt_global_planner.cpp:167:71:[m[K [01;31m[Kerror: [m[Ktoo few arguments to function â€˜[01m[Kdouble rrt_planner::distance(unsigned int, unsigned int, unsigned int, unsigned int)[m[Kâ€™
  167 |         if (distance((x_rand, y_rand, goal[0], goal[1]) <= resolution_[01;31m[K)[m[K && (obstaclefree(x_rand, y_rand, goal[0], goal[1]))) {
      |                                                                       [01;31m[K^[m[K
[01m[K/home/arob/catkin_ws/src/arob_lab5-main/src/rrt_global_planner.cpp:13:8:[m[K [01;36m[Knote: [m[Kdeclared here
   13 | double [01;36m[Kdistance[m[K(const unsigned int x0, const unsigned int y0, const unsigned int x1, const unsigned int y1){
      |        [01;36m[K^~~~~~~~[m[K
[01m[K/home/arob/catkin_ws/src/arob_lab5-main/src/rrt_global_planner.cpp:167:77:[m[K [01;31m[Kerror: [m[Kâ€˜[01m[Kobstaclefree[m[Kâ€™ was not declared in this scope; did you mean â€˜[01m[KobstacleFree[m[Kâ€™?
  167 |         if (distance((x_rand, y_rand, goal[0], goal[1]) <= resolution_) && ([01;31m[Kobstaclefree[m[K(x_rand, y_rand, goal[0], goal[1]))) {
      |                                                                             [01;31m[K^~~~~~~~~~~~[m[K
      |                                                                             [32m[KobstacleFree[m[K
make[2]: *** [CMakeFiles/rrt_global_planner_lib.dir/build.make:63: CMakeFiles/rrt_global_planner_lib.dir/src/rrt_global_planner.cpp.o] Error 1
make[1]: *** [CMakeFiles/Makefile2:246: CMakeFiles/rrt_global_planner_lib.dir/all] Error 2
make: *** [Makefile:141: all] Error 2
