[35m[1mScanning dependencies of target rrt_global_planner_lib[0m
[ 33%] [32mBuilding CXX object CMakeFiles/rrt_global_planner_lib.dir/src/rrt_global_planner.cpp.o[0m
[01m[K/home/arob/catkin_ws/src/arob_lab5-main/src/rrt_global_planner.cpp:[m[K In member function â€˜[01m[Kbool rrt_planner::RRTPlanner::computeRRT(std::vector<int>, std::vector<int>, std::vector<std::vector<int> >&)[m[Kâ€™:
[01m[K/home/arob/catkin_ws/src/arob_lab5-main/src/rrt_global_planner.cpp:168:72:[m[K [01;31m[Kerror: [m[Kâ€˜[01m[Ktreshold_[m[Kâ€™ was not declared in this scope
  168 |         if ((distance(x_rand, y_rand, goal[0], goal[1])*resolution_ <= [01;31m[Ktreshold_[m[K) && (obstacleFree(x_rand, y_rand, goal[0], goal[1]))) {
      |                                                                        [01;31m[K^~~~~~~~~[m[K
make[2]: *** [CMakeFiles/rrt_global_planner_lib.dir/build.make:63: CMakeFiles/rrt_global_planner_lib.dir/src/rrt_global_planner.cpp.o] Error 1
make[1]: *** [CMakeFiles/Makefile2:246: CMakeFiles/rrt_global_planner_lib.dir/all] Error 2
make: *** [Makefile:141: all] Error 2
