[01m[K/home/arob/catkin_ws/src/p03_arob_lab2_drones/src/follow_targets_3d.cpp:[m[K In member function â€˜[01m[Kvoid FollowTargets3D::odometryCallback_(const Odometry&)[m[Kâ€™:
[01m[K/home/arob/catkin_ws/src/p03_arob_lab2_drones/src/follow_targets_3d.cpp:97:10:[m[K [01;31m[Kerror: [m[Kâ€˜[01m[Kodometry_received_[m[Kâ€™ was not declared in this scope
   97 |     if (![01;31m[Kodometry_received_[m[K){
      |          [01;31m[K^~~~~~~~~~~~~~~~~~[m[K
make[2]: *** [CMakeFiles/followTargets3D.dir/build.make:76: CMakeFiles/followTargets3D.dir/src/follow_targets_3d.cpp.o] Error 1
make[1]: *** [CMakeFiles/Makefile2:175: CMakeFiles/followTargets3D.dir/all] Error 2
make: *** [Makefile:141: all] Error 2
